Performing C SOURCE FILE Test CMAKE_HAVE_LIBC_PTHREAD failed with the following output:
Change Dir: /code/demo_cts/code_kitchen/vPredictor/cmake-build-debug/CMakeFiles/CMakeTmp

Run Build Command(s):/usr/bin/make cmTC_b5243/fast && /usr/bin/make  -f CMakeFiles/cmTC_b5243.dir/build.make CMakeFiles/cmTC_b5243.dir/build
make[1]: Entering directory '/code/demo_cts/code_kitchen/vPredictor/cmake-build-debug/CMakeFiles/CMakeTmp'
Building C object CMakeFiles/cmTC_b5243.dir/src.c.o
/usr/bin/cc -DCMAKE_HAVE_LIBC_PTHREAD   -o CMakeFiles/cmTC_b5243.dir/src.c.o -c /code/demo_cts/code_kitchen/vPredictor/cmake-build-debug/CMakeFiles/CMakeTmp/src.c
Linking C executable cmTC_b5243
/apps/CLion-2021.1.1/clion-2021.1.1/bin/cmake/linux/bin/cmake -E cmake_link_script CMakeFiles/cmTC_b5243.dir/link.txt --verbose=1
/usr/bin/cc CMakeFiles/cmTC_b5243.dir/src.c.o -o cmTC_b5243 
/usr/bin/ld: CMakeFiles/cmTC_b5243.dir/src.c.o: in function `main':
src.c:(.text+0x46): undefined reference to `pthread_create'
/usr/bin/ld: src.c:(.text+0x52): undefined reference to `pthread_detach'
/usr/bin/ld: src.c:(.text+0x5e): undefined reference to `pthread_cancel'
/usr/bin/ld: src.c:(.text+0x6f): undefined reference to `pthread_join'
collect2: error: ld returned 1 exit status
make[1]: *** [CMakeFiles/cmTC_b5243.dir/build.make:106: cmTC_b5243] Error 1
make[1]: Leaving directory '/code/demo_cts/code_kitchen/vPredictor/cmake-build-debug/CMakeFiles/CMakeTmp'
make: *** [Makefile:140: cmTC_b5243/fast] Error 2


Source file was:
#include <pthread.h>

static void* test_func(void* data)
{
  return data;
}

int main(void)
{
  pthread_t thread;
  pthread_create(&thread, NULL, test_func, NULL);
  pthread_detach(thread);
  pthread_cancel(thread);
  pthread_join(thread, NULL);
  pthread_atfork(NULL, NULL, NULL);
  pthread_exit(NULL);

  return 0;
}

Determining if the function pthread_create exists in the pthreads failed with the following output:
Change Dir: /code/demo_cts/code_kitchen/vPredictor/cmake-build-debug/CMakeFiles/CMakeTmp

Run Build Command(s):/usr/bin/make cmTC_d1c04/fast && /usr/bin/make  -f CMakeFiles/cmTC_d1c04.dir/build.make CMakeFiles/cmTC_d1c04.dir/build
make[1]: Entering directory '/code/demo_cts/code_kitchen/vPredictor/cmake-build-debug/CMakeFiles/CMakeTmp'
Building C object CMakeFiles/cmTC_d1c04.dir/CheckFunctionExists.c.o
/usr/bin/cc   -DCHECK_FUNCTION_EXISTS=pthread_create -o CMakeFiles/cmTC_d1c04.dir/CheckFunctionExists.c.o -c /apps/CLion-2021.1.1/clion-2021.1.1/bin/cmake/linux/share/cmake-3.19/Modules/CheckFunctionExists.c
Linking C executable cmTC_d1c04
/apps/CLion-2021.1.1/clion-2021.1.1/bin/cmake/linux/bin/cmake -E cmake_link_script CMakeFiles/cmTC_d1c04.dir/link.txt --verbose=1
/usr/bin/cc  -DCHECK_FUNCTION_EXISTS=pthread_create CMakeFiles/cmTC_d1c04.dir/CheckFunctionExists.c.o -o cmTC_d1c04  -lpthreads 
/usr/bin/ld: cannot find -lpthreads
collect2: error: ld returned 1 exit status
make[1]: *** [CMakeFiles/cmTC_d1c04.dir/build.make:106: cmTC_d1c04] Error 1
make[1]: Leaving directory '/code/demo_cts/code_kitchen/vPredictor/cmake-build-debug/CMakeFiles/CMakeTmp'
make: *** [Makefile:140: cmTC_d1c04/fast] Error 2



