Performing C SOURCE FILE Test CMAKE_HAVE_LIBC_PTHREAD failed with the following output:
Change Dir: /code/demo_cts/code_kitchen/vPredictor/cmake-build-release/CMakeFiles/CMakeTmp

Run Build Command(s):/usr/bin/make cmTC_8f647/fast && /usr/bin/make  -f CMakeFiles/cmTC_8f647.dir/build.make CMakeFiles/cmTC_8f647.dir/build
make[1]: Entering directory '/code/demo_cts/code_kitchen/vPredictor/cmake-build-release/CMakeFiles/CMakeTmp'
Building C object CMakeFiles/cmTC_8f647.dir/src.c.o
/usr/bin/cc -DCMAKE_HAVE_LIBC_PTHREAD   -o CMakeFiles/cmTC_8f647.dir/src.c.o -c /code/demo_cts/code_kitchen/vPredictor/cmake-build-release/CMakeFiles/CMakeTmp/src.c
Linking C executable cmTC_8f647
/apps/CLion-2021.1.1/clion-2021.1.1/bin/cmake/linux/bin/cmake -E cmake_link_script CMakeFiles/cmTC_8f647.dir/link.txt --verbose=1
/usr/bin/cc CMakeFiles/cmTC_8f647.dir/src.c.o -o cmTC_8f647 
/usr/bin/ld: CMakeFiles/cmTC_8f647.dir/src.c.o: in function `main':
src.c:(.text+0x46): undefined reference to `pthread_create'
/usr/bin/ld: src.c:(.text+0x52): undefined reference to `pthread_detach'
/usr/bin/ld: src.c:(.text+0x5e): undefined reference to `pthread_cancel'
/usr/bin/ld: src.c:(.text+0x6f): undefined reference to `pthread_join'
collect2: error: ld returned 1 exit status
make[1]: *** [CMakeFiles/cmTC_8f647.dir/build.make:106: cmTC_8f647] Error 1
make[1]: Leaving directory '/code/demo_cts/code_kitchen/vPredictor/cmake-build-release/CMakeFiles/CMakeTmp'
make: *** [Makefile:140: cmTC_8f647/fast] Error 2


Source file was:
#include <pthread.h>

static void* test_func(void* data)
{
  return data;
}

int main(void)
{
  pthread_t thread;
  pthread_create(&thread, NULL, test_func, NULL);
  pthread_detach(thread);
  pthread_cancel(thread);
  pthread_join(thread, NULL);
  pthread_atfork(NULL, NULL, NULL);
  pthread_exit(NULL);

  return 0;
}

Determining if the function pthread_create exists in the pthreads failed with the following output:
Change Dir: /code/demo_cts/code_kitchen/vPredictor/cmake-build-release/CMakeFiles/CMakeTmp

Run Build Command(s):/usr/bin/make cmTC_92e36/fast && /usr/bin/make  -f CMakeFiles/cmTC_92e36.dir/build.make CMakeFiles/cmTC_92e36.dir/build
make[1]: Entering directory '/code/demo_cts/code_kitchen/vPredictor/cmake-build-release/CMakeFiles/CMakeTmp'
Building C object CMakeFiles/cmTC_92e36.dir/CheckFunctionExists.c.o
/usr/bin/cc   -DCHECK_FUNCTION_EXISTS=pthread_create -o CMakeFiles/cmTC_92e36.dir/CheckFunctionExists.c.o -c /apps/CLion-2021.1.1/clion-2021.1.1/bin/cmake/linux/share/cmake-3.19/Modules/CheckFunctionExists.c
Linking C executable cmTC_92e36
/apps/CLion-2021.1.1/clion-2021.1.1/bin/cmake/linux/bin/cmake -E cmake_link_script CMakeFiles/cmTC_92e36.dir/link.txt --verbose=1
/usr/bin/cc  -DCHECK_FUNCTION_EXISTS=pthread_create CMakeFiles/cmTC_92e36.dir/CheckFunctionExists.c.o -o cmTC_92e36  -lpthreads 
/usr/bin/ld: cannot find -lpthreads
collect2: error: ld returned 1 exit status
make[1]: *** [CMakeFiles/cmTC_92e36.dir/build.make:106: cmTC_92e36] Error 1
make[1]: Leaving directory '/code/demo_cts/code_kitchen/vPredictor/cmake-build-release/CMakeFiles/CMakeTmp'
make: *** [Makefile:140: cmTC_92e36/fast] Error 2



